[2018-11-20 19:52:54]###############################################
[2018-11-20 19:52:54][START] game:bhs_cn, task_type:, task_count:1 ,debug:TRUE
[2018-11-20 19:52:54]FROM 2017-12-26 TO 2017-12-26
[2018-11-20 19:52:54]read 1 platforms.
[2018-11-20 19:52:54]============================================
[2018-11-20 19:52:54][DATE START] 2017-12-26
[2018-11-20 19:52:54]---------------------------------------
[2018-11-20 19:52:54][TASK START] common/DailyBasic
[2018-11-20 19:52:54]#1 name: yy platform id: 1
[2018-11-20 19:53:12]fetching data.....
[2018-11-20 19:53:50]updating result db `daily_basic` .....
[2018-11-20 19:53:50][TASK END] common/DailyBasic , time elapsed: 55.638s
[2018-11-20 19:53:50][DATE END] 2017-12-26 , time elapsed: 55.643s
[2018-11-20 19:53:51][END] time elapsed:56.946s
[2018-11-20 19:54:30]###############################################
[2018-11-20 19:54:30][START] game:bhs_cn, task_type:, task_count:1 ,debug:TRUE
[2018-11-20 19:54:30]FROM 2017-12-26 TO 2017-12-26
[2018-11-20 19:54:30]read 1 platforms.
[2018-11-20 19:54:30]============================================
[2018-11-20 19:54:30][DATE START] 2017-12-26
[2018-11-20 19:54:30]---------------------------------------
[2018-11-20 19:54:30][TASK START] bhs/AccountInfo
[2018-11-20 19:54:30]#1 name: yy platform id: 1
[2018-11-20 19:54:44]fetching data.....
[2018-11-20 19:55:13]updating result db `account_info` .....
[2018-11-20 19:55:42][TASK END] bhs/AccountInfo , time elapsed: 00:01:12
[2018-11-20 19:55:42][DATE END] 2017-12-26 , time elapsed: 00:01:12
[2018-11-20 19:55:42][END] time elapsed:00:01:12
[2018-11-20 19:56:44]###############################################
[2018-11-20 19:56:44][START] game:bhs_cn, task_type:, task_count:1 ,debug:TRUE
[2018-11-20 19:56:44]FROM 2017-12-26 TO 2017-12-26
[2018-11-20 19:56:44]read 1 platforms.
[2018-11-20 19:56:44]============================================
[2018-11-20 19:56:44][DATE START] 2017-12-26
[2018-11-20 19:56:44]---------------------------------------
[2018-11-20 19:56:44][TASK START] bhs/AccountInfo
[2018-11-20 19:56:44]#1 name: yy platform id: 1
[2018-11-20 19:58:25]fetching data.....
[2018-11-20 19:58:25]updating result db `account_info` .....
[2018-11-20 19:58:27][TASK END] bhs/AccountInfo , time elapsed: 00:01:43
[2018-11-20 19:58:27][DATE END] 2017-12-26 , time elapsed: 00:01:43
[2018-11-20 19:58:27][END] time elapsed:00:01:43
