[2018-11-22 10:33:04]###############################################
[2018-11-22 10:33:04][START] game:bhs_cn, task_type:, task_count:1 ,debug:TRUE
[2018-11-22 10:33:04]FROM 2018-11-20 TO 2018-11-20
[2018-11-22 10:33:04]read 1 platforms.
[2018-11-22 10:33:04]============================================
[2018-11-22 10:33:04][DATE START] 2018-11-20
[2018-11-22 10:33:04]---------------------------------------
[2018-11-22 10:33:04][TASK START] bhs/AccountInfo
[2018-11-22 10:33:04]#1 name: yy platform id: 1
[2018-11-22 10:33:08]fetching data.....
[2018-11-22 10:33:08]updating result db `account_info` .....
[2018-11-22 10:33:08][TASK END] bhs/AccountInfo , time elapsed: 3.684s
[2018-11-22 10:33:08][DATE END] 2018-11-20 , time elapsed: 3.687s
[2018-11-22 10:33:08][END] time elapsed:3.702s
[2018-11-22 10:36:27]###############################################
[2018-11-22 10:36:27][START] game:bhs_cn, task_type:, task_count:1 ,debug:TRUE
[2018-11-22 10:36:27]FROM 2018-11-20 TO 2018-11-20
[2018-11-22 10:36:27]read 1 platforms.
[2018-11-22 10:36:27]============================================
[2018-11-22 10:36:27][DATE START] 2018-11-20
[2018-11-22 10:36:27]---------------------------------------
[2018-11-22 10:36:27][TASK START] common/AccountInfo
[2018-11-22 10:36:27]#1 name: yy platform id: 1
[2018-11-22 10:36:27]fetching data.....
[2018-11-22 10:36:27]updating result db `account_info` .....
[2018-11-22 10:36:27][TASK END] common/AccountInfo , time elapsed: 0.045s
[2018-11-22 10:36:27][DATE END] 2018-11-20 , time elapsed: 0.051s
[2018-11-22 10:36:27][END] time elapsed:0.073s
