[2018-11-16 16:21:26]###############################################
[2018-11-16 16:21:26][START] game:bhs_cn, task_type:, task_count:1 ,debug:TRUE
[2018-11-16 16:21:26]FROM 2017-12-26 TO 2017-12-26
[2018-11-16 16:21:26]read 1 platforms.
[2018-11-16 16:21:26]============================================
[2018-11-16 16:21:26][DATE START] 2017-12-26
[2018-11-16 16:21:26]---------------------------------------
[2018-11-16 16:21:26][TASK START] bhs/AccountInfo
[2018-11-16 16:21:26]#1 name: yy platform id: 1
[2018-11-16 16:21:26]fetching data.....
[2018-11-16 16:21:26]updating result db `account_info` .....
[2018-11-16 16:21:26][TASK END] bhs/AccountInfo , time elapsed: 0.02s
[2018-11-16 16:21:26][DATE END] 2017-12-26 , time elapsed: 0.023s
[2018-11-16 16:21:26][END] time elapsed:0.033s
[2018-11-16 16:31:39]###############################################
[2018-11-16 16:31:39][START] game:bhs_cn, task_type:, task_count:1 ,debug:TRUE
[2018-11-16 16:31:39]FROM 2017-12-26 TO 2017-12-26
[2018-11-16 16:31:39]read 1 platforms.
[2018-11-16 16:31:39]============================================
[2018-11-16 16:31:39][DATE START] 2017-12-26
[2018-11-16 16:31:39]---------------------------------------
[2018-11-16 16:31:39][TASK START] common/DailyBasic
[2018-11-16 16:31:39]#1 name: yy platform id: 1
[2018-11-16 16:31:39]fetching data.....
[2018-11-16 16:31:39]updating result db `daily_basic` .....
[2018-11-16 16:31:39][TASK END] common/DailyBasic , time elapsed: 0.007s
[2018-11-16 16:31:39][DATE END] 2017-12-26 , time elapsed: 0.01s
[2018-11-16 16:31:39][END] time elapsed:0.019s
[2018-11-16 18:35:52]###############################################
[2018-11-16 18:35:52][START] game:bhs_cn, task_type:, task_count:1 ,debug:TRUE
[2018-11-16 18:35:52]FROM 2017-12-26 TO 2017-12-26
[2018-11-16 18:35:52]read 1 platforms.
[2018-11-16 18:35:52]============================================
[2018-11-16 18:35:52][DATE START] 2017-12-26
[2018-11-16 18:35:52]---------------------------------------
[2018-11-16 18:35:52][TASK START] common/DailyBasic
[2018-11-16 18:35:52]#1 name: yy platform id: 1
[2018-11-16 18:35:52]fetching data.....
[2018-11-16 18:35:52]updating result db `daily_basic` .....
[2018-11-16 18:35:52][TASK END] common/DailyBasic , time elapsed: 0.01s
[2018-11-16 18:35:52][DATE END] 2017-12-26 , time elapsed: 0.026s
[2018-11-16 18:35:52][END] time elapsed:0.036s
[2018-11-16 20:30:21]###############################################
[2018-11-16 20:30:21][START] game:bhs_cn, task_type:, task_count:1 ,debug:TRUE
[2018-11-16 20:30:21]FROM 2017-12-26 TO 2017-12-26
[2018-11-16 20:30:21]read 1 platforms.
[2018-11-16 20:30:21]============================================
[2018-11-16 20:30:21][DATE START] 2017-12-26
[2018-11-16 20:30:21]---------------------------------------
[2018-11-16 20:30:21][TASK START] common/DailyBasic
[2018-11-16 20:30:23]#1 name: yy platform id: 1
[2018-11-16 20:30:26]fetching data.....
[2018-11-16 20:30:26]updating result db `daily_basic` .....
[2018-11-16 20:30:27][TASK END] common/DailyBasic , time elapsed: 5.714s
[2018-11-16 20:30:27][DATE END] 2017-12-26 , time elapsed: 5.717s
[2018-11-16 20:30:27][END] time elapsed:5.728s
[2018-11-16 20:30:53]###############################################
[2018-11-16 20:30:53][START] game:bhs_cn, task_type:, task_count:1 ,debug:TRUE
[2018-11-16 20:30:53]FROM 2017-12-26 TO 2017-12-26
[2018-11-16 20:30:53]read 1 platforms.
[2018-11-16 20:30:53]============================================
[2018-11-16 20:30:53][DATE START] 2017-12-26
[2018-11-16 20:30:53]---------------------------------------
[2018-11-16 20:30:53][TASK START] common/DailyBasic
[2018-11-16 20:30:59]#1 name: yy platform id: 1
[2018-11-16 20:35:16]fetching data.....
[2018-11-16 20:37:19]updating result db `daily_basic` .....
[2018-11-16 20:38:57][TASK END] common/DailyBasic , time elapsed: 00:07:56
[2018-11-16 20:39:03][DATE END] 2017-12-26 , time elapsed: 00:08:10
[2018-11-16 20:39:13][END] time elapsed:00:08:20
