[2017-12-26 20:40:42]###############################################
[2017-12-26 20:40:42][START] game:bhs_cn, task_type:daily, task_count:6 ,debug:TRUE
[2017-12-26 20:40:42]FROM 2017-12-25 TO 2017-12-25
[2017-12-26 20:40:42]read 1 platforms.
[2017-12-26 20:40:42]============================================
[2017-12-26 20:40:42][DATE START] 2017-12-25
[2017-12-26 20:40:42]---------------------------------------
[2017-12-26 20:40:42][TASK START] bhs/AccountInfo
[2017-12-26 20:40:42]#1 name: yy platform id: 1
[2017-12-26 20:40:42]fetching data.....
[2017-12-26 20:40:42]updating result db `account_info` .....
[2017-12-26 20:40:42][TASK END] bhs/AccountInfo , time elapsed: 0.016s
[2017-12-26 20:40:42]---------------------------------------
[2017-12-26 20:40:42][TASK START] common/DailyBasic
[2017-12-26 20:40:42]#1 name: yy platform id: 1
[2017-12-26 20:40:42]fetching data.....
[2017-12-26 20:40:42]updating result db `daily_basic` .....
[2017-12-26 20:40:42][TASK END] common/DailyBasic , time elapsed: 0.014s
[2017-12-26 20:40:42]---------------------------------------
[2017-12-26 20:40:42][TASK START] common/DailyRetention
[2017-12-26 20:40:42]#1 name: yy platform id: 1
[2017-12-26 20:40:42]fetching data.....
[2017-12-26 20:40:42]updating result db `daily_retention` .....
[2017-12-26 20:40:42][TASK END] common/DailyRetention , time elapsed: 0.014s
[2017-12-26 20:40:42]---------------------------------------
[2017-12-26 20:40:42][TASK START] common/DailyLTV
[2017-12-26 20:40:42]#1 name: yy platform id: 1
[2017-12-26 20:40:42]fetching data.....
[2017-12-26 20:40:42]updating result db `daily_ltv` .....
[2017-12-26 20:40:42][TASK END] common/DailyLTV , time elapsed: 0.014s
[2017-12-26 20:40:42]---------------------------------------
[2017-12-26 20:40:42][TASK START] common/MonthlyBasic
[2017-12-26 20:40:42]#1 name: yy platform id: 1
[2017-12-26 20:40:42][TASK END] common/MonthlyBasic , time elapsed: 0.002s
[2017-12-26 20:40:42]---------------------------------------
[2017-12-26 20:40:42][TASK START] common/ShopSummary
[2017-12-26 20:40:42]#1 name: yy platform id: 1
[2017-12-26 20:40:42]fetching data.....
[2017-12-26 20:40:42]updating result db `shop_summary` .....
[2017-12-26 20:40:42][TASK END] common/ShopSummary , time elapsed: 0.015s
[2017-12-26 20:40:42][DATE END] 2017-12-25 , time elapsed: 0.086s
[2017-12-26 20:40:42][END] time elapsed:0.107s
[2017-12-26 20:41:55]###############################################
[2017-12-26 20:41:55][START] game:bhs_cn, task_type:daily, task_count:6 ,debug:TRUE
[2017-12-26 20:41:55]FROM 2017-12-25 TO 2017-12-25
[2017-12-26 20:41:55]read 1 platforms.
[2017-12-26 20:41:55]============================================
[2017-12-26 20:41:55][DATE START] 2017-12-25
[2017-12-26 20:41:55]---------------------------------------
[2017-12-26 20:41:55][TASK START] bhs/AccountInfo
[2017-12-26 20:41:55]#1 name: yy platform id: 1
[2017-12-26 20:41:55]fetching data.....
[2017-12-26 20:41:55]updating result db `account_info` .....
[2017-12-26 20:41:55][TASK END] bhs/AccountInfo , time elapsed: 0.006s
[2017-12-26 20:41:55]---------------------------------------
[2017-12-26 20:41:55][TASK START] common/DailyBasic
[2017-12-26 20:41:55]#1 name: yy platform id: 1
[2017-12-26 20:41:55]fetching data.....
[2017-12-26 20:41:55]updating result db `daily_basic` .....
[2017-12-26 20:41:55][TASK END] common/DailyBasic , time elapsed: 0.004s
[2017-12-26 20:41:55]---------------------------------------
[2017-12-26 20:41:55][TASK START] common/DailyRetention
[2017-12-26 20:41:55]#1 name: yy platform id: 1
[2017-12-26 20:41:55]fetching data.....
[2017-12-26 20:41:55]updating result db `daily_retention` .....
[2017-12-26 20:41:55][TASK END] common/DailyRetention , time elapsed: 0.004s
[2017-12-26 20:41:55]---------------------------------------
[2017-12-26 20:41:55][TASK START] common/DailyLTV
[2017-12-26 20:41:55]#1 name: yy platform id: 1
[2017-12-26 20:41:55]fetching data.....
[2017-12-26 20:41:55]updating result db `daily_ltv` .....
[2017-12-26 20:41:55][TASK END] common/DailyLTV , time elapsed: 0.004s
[2017-12-26 20:41:55]---------------------------------------
[2017-12-26 20:41:55][TASK START] common/MonthlyBasic
[2017-12-26 20:41:55]#1 name: yy platform id: 1
[2017-12-26 20:41:55][TASK END] common/MonthlyBasic , time elapsed: 0.002s
[2017-12-26 20:41:55]---------------------------------------
[2017-12-26 20:41:55][TASK START] common/ShopSummary
[2017-12-26 20:41:55]#1 name: yy platform id: 1
[2017-12-26 20:41:55]fetching data.....
[2017-12-26 20:41:55]updating result db `shop_summary` .....
[2017-12-26 20:41:55][TASK END] common/ShopSummary , time elapsed: 0.003s
[2017-12-26 20:41:55][DATE END] 2017-12-25 , time elapsed: 0.033s
[2017-12-26 20:41:55][END] time elapsed:0.042s
